Determining if the Q_WS_X11 exist failed with the following output:
Change Dir: /Users/karinemiras/projects/coevolution-revolve/l-system/build/CMakeFiles/CMakeTmp

Run Build Command:"/usr/bin/make" "cmTC_eb1da/fast"
/Applications/Xcode.app/Contents/Developer/usr/bin/make -f CMakeFiles/cmTC_eb1da.dir/build.make CMakeFiles/cmTC_eb1da.dir/build
Building CXX object CMakeFiles/cmTC_eb1da.dir/CheckSymbolExists.cxx.o
/Applications/Xcode.app/Contents/Developer/Toolchains/XcodeDefault.xctoolchain/usr/bin/c++   -I/usr/local/include -F/usr/local/lib   -o CMakeFiles/cmTC_eb1da.dir/CheckSymbolExists.cxx.o -c /Users/karinemiras/projects/coevolution-revolve/l-system/build/CMakeFiles/CMakeTmp/CheckSymbolExists.cxx
/Users/karinemiras/projects/coevolution-revolve/l-system/build/CMakeFiles/CMakeTmp/CheckSymbolExists.cxx:8:19: error: use of undeclared identifier 'Q_WS_X11'
  return ((int*)(&Q_WS_X11))[argc];
                  ^
1 error generated.
make[1]: *** [CMakeFiles/cmTC_eb1da.dir/CheckSymbolExists.cxx.o] Error 1
make: *** [cmTC_eb1da/fast] Error 2

File /Users/karinemiras/projects/coevolution-revolve/l-system/build/CMakeFiles/CMakeTmp/CheckSymbolExists.cxx:
/* */
#include <QtCore/qglobal.h>

int main(int argc, char** argv)
{
  (void)argv;
#ifndef Q_WS_X11
  return ((int*)(&Q_WS_X11))[argc];
#else
  (void)argc;
  return 0;
#endif
}

Determining if the Q_WS_WIN exist failed with the following output:
Change Dir: /Users/karinemiras/projects/coevolution-revolve/l-system/build/CMakeFiles/CMakeTmp

Run Build Command:"/usr/bin/make" "cmTC_81ae3/fast"
/Applications/Xcode.app/Contents/Developer/usr/bin/make -f CMakeFiles/cmTC_81ae3.dir/build.make CMakeFiles/cmTC_81ae3.dir/build
Building CXX object CMakeFiles/cmTC_81ae3.dir/CheckSymbolExists.cxx.o
/Applications/Xcode.app/Contents/Developer/Toolchains/XcodeDefault.xctoolchain/usr/bin/c++   -I/usr/local/include -F/usr/local/lib   -o CMakeFiles/cmTC_81ae3.dir/CheckSymbolExists.cxx.o -c /Users/karinemiras/projects/coevolution-revolve/l-system/build/CMakeFiles/CMakeTmp/CheckSymbolExists.cxx
/Users/karinemiras/projects/coevolution-revolve/l-system/build/CMakeFiles/CMakeTmp/CheckSymbolExists.cxx:8:19: error: use of undeclared identifier 'Q_WS_WIN'
  return ((int*)(&Q_WS_WIN))[argc];
                  ^
1 error generated.
make[1]: *** [CMakeFiles/cmTC_81ae3.dir/CheckSymbolExists.cxx.o] Error 1
make: *** [cmTC_81ae3/fast] Error 2

File /Users/karinemiras/projects/coevolution-revolve/l-system/build/CMakeFiles/CMakeTmp/CheckSymbolExists.cxx:
/* */
#include <QtCore/qglobal.h>

int main(int argc, char** argv)
{
  (void)argv;
#ifndef Q_WS_WIN
  return ((int*)(&Q_WS_WIN))[argc];
#else
  (void)argc;
  return 0;
#endif
}

Determining if the Q_WS_QWS exist failed with the following output:
Change Dir: /Users/karinemiras/projects/coevolution-revolve/l-system/build/CMakeFiles/CMakeTmp

Run Build Command:"/usr/bin/make" "cmTC_c4149/fast"
/Applications/Xcode.app/Contents/Developer/usr/bin/make -f CMakeFiles/cmTC_c4149.dir/build.make CMakeFiles/cmTC_c4149.dir/build
Building CXX object CMakeFiles/cmTC_c4149.dir/CheckSymbolExists.cxx.o
/Applications/Xcode.app/Contents/Developer/Toolchains/XcodeDefault.xctoolchain/usr/bin/c++   -I/usr/local/include -F/usr/local/lib   -o CMakeFiles/cmTC_c4149.dir/CheckSymbolExists.cxx.o -c /Users/karinemiras/projects/coevolution-revolve/l-system/build/CMakeFiles/CMakeTmp/CheckSymbolExists.cxx
/Users/karinemiras/projects/coevolution-revolve/l-system/build/CMakeFiles/CMakeTmp/CheckSymbolExists.cxx:8:19: error: use of undeclared identifier 'Q_WS_QWS'
  return ((int*)(&Q_WS_QWS))[argc];
                  ^
1 error generated.
make[1]: *** [CMakeFiles/cmTC_c4149.dir/CheckSymbolExists.cxx.o] Error 1
make: *** [cmTC_c4149/fast] Error 2

File /Users/karinemiras/projects/coevolution-revolve/l-system/build/CMakeFiles/CMakeTmp/CheckSymbolExists.cxx:
/* */
#include <QtCore/qglobal.h>

int main(int argc, char** argv)
{
  (void)argv;
#ifndef Q_WS_QWS
  return ((int*)(&Q_WS_QWS))[argc];
#else
  (void)argc;
  return 0;
#endif
}

